<?xml version="1.0" encoding="UTF-8"?>
<testng-results ignored="0" total="1" passed="1" failed="0" skipped="0">
  <reporter-output>
  </reporter-output>
  <suite started-at="2024-02-03T09:53:09 EST" name="smoke" finished-at="2024-02-03T09:53:49 EST" duration-ms="39280">
    <groups>
    </groups>
    <test started-at="2024-02-03T09:53:09 EST" name="homepage" finished-at="2024-02-03T09:53:49 EST" duration-ms="39280">
      <class name="pkg_day10.login_Page">
        <test-method is-config="true" signature="lanch_browser(java.lang.String)[pri:0, instance:pkg_day10.login_Page@35ef1869]" started-at="2024-02-03T09:53:09 EST" name="lanch_browser" finished-at="2024-02-03T09:53:20 EST" duration-ms="10292" status="PASS">
          <params>
            <param index="0">
              <value>
                <![CDATA[https://www.saucedemo.com/]]>
              </value>
            </param>
          </params>
          <reporter-output>
          </reporter-output>
        </test-method> <!-- lanch_browser -->
        <test-method signature="login_page_validation()[pri:0, instance:pkg_day10.login_Page@35ef1869]" started-at="2024-02-03T09:53:20 EST" name="login_page_validation" finished-at="2024-02-03T09:53:49 EST" duration-ms="28879" status="PASS">
          <reporter-output>
          </reporter-output>
        </test-method> <!-- login_page_validation -->
        <test-method is-config="true" signature="close_browser()[pri:0, instance:pkg_day10.login_Page@35ef1869]" started-at="2024-02-03T09:53:49 EST" name="close_browser" finished-at="2024-02-03T09:53:49 EST" duration-ms="76" status="PASS">
          <reporter-output>
          </reporter-output>
        </test-method> <!-- close_browser -->
      </class> <!-- pkg_day10.login_Page -->
    </test> <!-- homepage -->
  </suite> <!-- smoke -->
</testng-results>
